#
# A fatal error has been detected by the Java Runtime Environment:
#
#  EXCEPTION_ACCESS_VIOLATION (0xc0000005) at pc=0x000000005c711897, pid=10484, tid=0x00000000000012e8
#
# JRE version: OpenJDK Runtime Environment (8.0_152-b06) (build 1.8.0_152-release-1136-b06)
# Java VM: OpenJDK 64-Bit Server VM (25.152-b06 mixed mode windows-amd64 compressed oops)
# Problematic frame:
# V  [jvm.dll+0x431897]
#
# Failed to write core dump. Minidumps are not enabled by default on client versions of Windows
#
# If you would like to submit a bug report, please visit:
#   http://bugreport.java.com/bugreport/crash.jsp
#

---------------  T H R E A D  ---------------

Current thread (0x00000000163ab800):  JavaThread "C2 CompilerThread0" daemon [_thread_in_native, id=4840, stack(0x0000000017a20000,0x0000000017b20000)]

siginfo: ExceptionCode=0xc0000005, reading address 0xffffffffffffffff

Registers:
RAX=0x64696f72646e415c, RBX=0x0000000000000001, RCX=0x000000001b64df30, RDX=0x0000000000000135
RSP=0x0000000017b1c150, RBP=0xffffffffffffffff, RSI=0x000000001b64df30, RDI=0x00000000186fd910
R8 =0x00000000ffffffff, R9 =0x0000000000000001, R10=0x000000000000001a, R11=0x0000000000000000
R12=0x0000000017b1c560, R13=0x0000000000000000, R14=0x000000005c2e0000, R15=0x0000000000000001
RIP=0x000000005c711897, EFLAGS=0x0000000000010246

Top of Stack: (sp=0x0000000017b1c150)
0x0000000017b1c150:   00000000222b4650 000000001b647438
0x0000000017b1c160:   00000000186ff790 ffffffffffffffff
0x0000000017b1c170:   0000000100000135 00000000186fd910
0x0000000017b1c180:   0000000000000008 0000000000000135
0x0000000017b1c190:   0000000000000000 0000000000000000
0x0000000017b1c1a0:   0000000017b1c270 00000000000003d8
0x0000000017b1c1b0:   000000001b723118 000000001b722d40
0x0000000017b1c1c0:   0000000017b1c2f0 0000000000000000
0x0000000017b1c1d0:   0000000017b1c560 000000001b722d30
0x0000000017b1c1e0:   0000000000000000 000000005c714dc4
0x0000000017b1c1f0:   0000000017b1c560 0000000017b1c201
0x0000000017b1c200:   00000000ffffffff 0000000000000001
0x0000000017b1c210:   0000000000000002 000000001b722d30
0x0000000017b1c220:   000000001bd506e0 000000001bd51470
0x0000000017b1c230:   000000001bd586c8 00000000001d71d0
0x0000000017b1c240:   0000000000000002 0000000017e87870 

Instructions: (pc=0x000000005c711897)
0x000000005c711877:   47 20 48 8b 34 01 eb 02 33 f6 0f b6 46 2c 41 bf
0x000000005c711887:   01 00 00 00 24 03 3c 02 75 0f 48 8b 06 48 8b ce
0x000000005c711897:   ff 90 c8 00 00 00 44 8b f8 49 8b 84 24 28 01 00
0x000000005c7118a7:   00 48 63 4e 28 44 0f b7 46 2e 8b 14 88 49 8b 44 


Register to memory mapping:

RAX=0x64696f72646e415c is an unknown value
RBX=0x0000000000000001 is an unknown value
RCX=0x000000001b64df30 is an unknown value
RDX=0x0000000000000135 is an unknown value
RSP=0x0000000017b1c150 is pointing into the stack for thread: 0x00000000163ab800
RBP=0xffffffffffffffff is an unknown value
RSI=0x000000001b64df30 is an unknown value
RDI=0x00000000186fd910 is an unknown value
R8 =0x00000000ffffffff is an unallocated location in the heap
R9 =0x0000000000000001 is an unknown value
R10=0x000000000000001a is an unknown value
R11=0x0000000000000000 is an unknown value
R12=0x0000000017b1c560 is pointing into the stack for thread: 0x00000000163ab800
R13=0x0000000000000000 is an unknown value
R14=0x000000005c2e0000 is an unknown value
R15=0x0000000000000001 is an unknown value


Stack: [0x0000000017a20000,0x0000000017b20000],  sp=0x0000000017b1c150,  free space=1008k
Native frames: (J=compiled Java code, j=interpreted, Vv=VM code, C=native code)
V  [jvm.dll+0x431897]
V  [jvm.dll+0x434dc4]
V  [jvm.dll+0x43f99b]
V  [jvm.dll+0x44226e]
V  [jvm.dll+0x4252c2]
V  [jvm.dll+0x813d8]
V  [jvm.dll+0x81d0f]
V  [jvm.dll+0x21d41f]
V  [jvm.dll+0x26d9aa]
C  [msvcr100.dll+0x21d9f]
C  [msvcr100.dll+0x21e3b]
C  [KERNEL32.DLL+0x13034]
C  [ntdll.dll+0x71461]


Current CompileTask:
C2:13522393 32495       4       com.android.tools.r8.dex.DexParser$AttributesAndAnnotations::<init> (551 bytes)


---------------  P R O C E S S  ---------------

Java Threads: ( => current thread )
  0x000000001c6b2000 JavaThread "pool-163-thread-1" [_thread_blocked, id=7648, stack(0x0000000069730000,0x0000000069830000)]
  0x000000001c6b8000 JavaThread "ForkJoinPool.commonPool-worker-0" daemon [_thread_blocked, id=10612, stack(0x0000000068e30000,0x0000000068f30000)]
  0x000000001c6b5000 JavaThread "ForkJoinPool-208-worker-7" daemon [_thread_blocked, id=7176, stack(0x0000000068c30000,0x0000000068d30000)]
  0x000000001c6b1000 JavaThread "ForkJoinPool-208-worker-6" daemon [_thread_blocked, id=5288, stack(0x0000000068b30000,0x0000000068c30000)]
  0x000000001b510800 JavaThread "ForkJoinPool-208-worker-0" daemon [_thread_blocked, id=5348, stack(0x0000000068930000,0x0000000068a30000)]
  0x000000001b517800 JavaThread "ForkJoinPool-208-worker-3" daemon [_thread_blocked, id=2644, stack(0x0000000068830000,0x0000000068930000)]
  0x000000001b515000 JavaThread "ForkJoinPool-208-worker-2" daemon [_thread_blocked, id=7580, stack(0x0000000068730000,0x0000000068830000)]
  0x000000001b516000 JavaThread "ForkJoinPool-208-worker-1" daemon [_thread_blocked, id=10352, stack(0x0000000068630000,0x0000000068730000)]
  0x000000001b514800 JavaThread "ForkJoinPool.commonPool-worker-3" daemon [_thread_blocked, id=7328, stack(0x0000000068530000,0x0000000068630000)]
  0x000000001b513000 JavaThread "ForkJoinPool.commonPool-worker-1" daemon [_thread_blocked, id=10208, stack(0x0000000068330000,0x0000000068430000)]
  0x000000001b512000 JavaThread "Cache worker for Java compile cache (C:\Users\Yura\AndroidStudioProjects\Privet\.gradle\4.6\javaCompile)" [_thread_blocked, id=7828, stack(0x0000000068230000,0x0000000068330000)]
  0x000000001b511800 JavaThread "stdout" [_thread_in_native, id=7332, stack(0x0000000068130000,0x0000000068230000)]
  0x000000001b50c000 JavaThread "stderr" [_thread_in_native, id=10072, stack(0x0000000068030000,0x0000000068130000)]
  0x000000001b510000 JavaThread "pool-154-thread-1" [_thread_blocked, id=11172, stack(0x0000000067f30000,0x0000000068030000)]
  0x000000001b50a000 JavaThread "Task worker for ':' Thread 3" [_thread_blocked, id=2328, stack(0x0000000067d30000,0x0000000067e30000)]
  0x000000001b50e800 JavaThread "Task worker for ':' Thread 2" [_thread_blocked, id=6380, stack(0x0000000067c30000,0x0000000067d30000)]
  0x000000001b50d000 JavaThread "Task worker for ':'" [_thread_blocked, id=3556, stack(0x0000000067b30000,0x0000000067c30000)]
  0x000000001dc3a800 JavaThread "Cache worker for Build Output Cleanup Cache (C:\Users\Yura\AndroidStudioProjects\Privet\.gradle\buildOutputCleanup)" [_thread_blocked, id=564, stack(0x0000000067a30000,0x0000000067b30000)]
  0x000000001dc38000 JavaThread "Cache worker for task history cache (C:\Users\Yura\AndroidStudioProjects\Privet\.gradle\4.6\taskHistory)" [_thread_blocked, id=2408, stack(0x0000000067930000,0x0000000067a30000)]
  0x000000001dc3c000 JavaThread "Cache worker for file content cache (C:\Users\Yura\AndroidStudioProjects\Privet\.gradle\4.6\fileContent)" [_thread_blocked, id=10372, stack(0x0000000067830000,0x0000000067930000)]
  0x000000001dc39000 JavaThread "Build operations Thread 4" [_thread_blocked, id=9188, stack(0x0000000067730000,0x0000000067830000)]
  0x000000001dc37800 JavaThread "Build operations Thread 3" [_thread_blocked, id=1936, stack(0x0000000067630000,0x0000000067730000)]
  0x000000001dc30000 JavaThread "Build operations Thread 2" [_thread_blocked, id=240, stack(0x0000000067530000,0x0000000067630000)]
  0x000000001dc30800 JavaThread "Build operations" [_thread_blocked, id=9168, stack(0x0000000067430000,0x0000000067530000)]
  0x000000001dc36800 JavaThread "Cache worker for Artifact transforms cache (C:\Users\Yura\.gradle\caches\transforms-1)" [_thread_blocked, id=11148, stack(0x0000000067330000,0x0000000067430000)]
  0x000000001dc2f000 JavaThread "Cache worker for file hash cache (C:\Users\Yura\AndroidStudioProjects\Privet\.gradle\4.6\fileHashes)" [_thread_blocked, id=8248, stack(0x0000000067230000,0x0000000067330000)]
  0x000000001dc36000 JavaThread "Stdin handler" [_thread_blocked, id=7536, stack(0x0000000067130000,0x0000000067230000)]
  0x000000001dc2e800 JavaThread "Asynchronous log dispatcher for DefaultDaemonConnection: socket connection from /127.0.0.1:50256 to /127.0.0.1:58987" [_thread_blocked, id=9456, stack(0x0000000067030000,0x0000000067130000)]
  0x000000001dc35000 JavaThread "Daemon worker Thread 27" [_thread_in_native, id=6868, stack(0x0000000066f30000,0x0000000067030000)]
  0x000000001dc2d800 JavaThread "Cancel handler" [_thread_blocked, id=10880, stack(0x0000000066e30000,0x0000000066f30000)]
  0x000000001dc2d000 JavaThread "Handler for socket connection from /127.0.0.1:50256 to /127.0.0.1:58987" [_thread_in_native, id=3876, stack(0x0000000066d30000,0x0000000066e30000)]
  0x000000001dc33800 JavaThread "Daemon Thread 27" [_thread_blocked, id=6140, stack(0x0000000066c30000,0x0000000066d30000)]
  0x000000001954d000 JavaThread "MarlinRenderer Disposer" daemon [_thread_blocked, id=9792, stack(0x0000000026770000,0x0000000026870000)]
  0x0000000019549800 JavaThread "Java2D Disposer" daemon [_thread_blocked, id=9668, stack(0x0000000026670000,0x0000000026770000)]
  0x000000001c6b6800 JavaThread "pool-1-thread-1" [_thread_blocked, id=3580, stack(0x0000000021d70000,0x0000000021e70000)]
  0x000000001954b800 JavaThread "Memory manager" [_thread_blocked, id=11024, stack(0x000000001fcb0000,0x000000001fdb0000)]
  0x00000000194ed000 JavaThread "File lock request listener" [_thread_in_native, id=3604, stack(0x000000001ae70000,0x000000001af70000)]
  0x0000000019517000 JavaThread "Cache worker for file hash cache (C:\Users\Yura\.gradle\caches\4.6\fileHashes)" [_thread_blocked, id=6228, stack(0x000000001ad70000,0x000000001ae70000)]
  0x000000001932a800 JavaThread "Daemon periodic checks" [_thread_blocked, id=2708, stack(0x000000001a270000,0x000000001a370000)]
  0x00000000191f1800 JavaThread "Incoming local TCP Connector on port 50256" [_thread_in_native, id=10268, stack(0x000000001a030000,0x000000001a130000)]
  0x0000000017d48800 JavaThread "Service Thread" daemon [_thread_blocked, id=11196, stack(0x0000000018120000,0x0000000018220000)]
  0x00000000163bb800 JavaThread "C1 CompilerThread2" daemon [_thread_blocked, id=8228, stack(0x0000000017c20000,0x0000000017d20000)]
  0x00000000163ae800 JavaThread "C2 CompilerThread1" daemon [_thread_blocked, id=552, stack(0x0000000017b20000,0x0000000017c20000)]
=>0x00000000163ab800 JavaThread "C2 CompilerThread0" daemon [_thread_in_native, id=4840, stack(0x0000000017a20000,0x0000000017b20000)]
  0x00000000163aa000 JavaThread "Attach Listener" daemon [_thread_blocked, id=2760, stack(0x0000000017920000,0x0000000017a20000)]
  0x00000000163a9000 JavaThread "Signal Dispatcher" daemon [_thread_blocked, id=2900, stack(0x0000000017820000,0x0000000017920000)]
  0x0000000016398800 JavaThread "Finalizer" daemon [_thread_blocked, id=8748, stack(0x0000000017620000,0x0000000017720000)]
  0x0000000002972800 JavaThread "Reference Handler" daemon [_thread_blocked, id=6160, stack(0x0000000017520000,0x0000000017620000)]
  0x0000000002a3e000 JavaThread "main" [_thread_blocked, id=10036, stack(0x0000000002730000,0x0000000002830000)]

Other Threads:
  0x0000000016374800 VMThread [stack: 0x0000000017420000,0x0000000017520000] [id=6724]
  0x000000001640e000 WatcherThread [stack: 0x0000000018220000,0x0000000018320000] [id=1028]

VM state:not at safepoint (normal execution)

VM Mutex/Monitor currently owned by a thread: None

Heap:
 PSYoungGen      total 335872K, used 124593K [0x00000000e0000000, 0x00000000f8a80000, 0x0000000100000000)
  eden space 308736K, 31% used [0x00000000e0000000,0x00000000e5f4d620,0x00000000f2d80000)
  from space 27136K, 99% used [0x00000000f3b00000,0x00000000f555ee48,0x00000000f5580000)
  to   space 47616K, 0% used [0x00000000f5c00000,0x00000000f5c00000,0x00000000f8a80000)
 ParOldGen       total 131584K, used 97437K [0x00000000a0000000, 0x00000000a8080000, 0x00000000e0000000)
  object space 131584K, 74% used [0x00000000a0000000,0x00000000a5f27590,0x00000000a8080000)
 Metaspace       used 105892K, capacity 114216K, committed 114508K, reserved 1148928K
  class space    used 13199K, capacity 14915K, committed 14976K, reserved 1048576K

Card table byte_map: [0x0000000011e00000,0x0000000012110000] byte_map_base: 0x0000000011900000

Marking Bits: (ParMarkBitMap*) 0x000000005caa5aa0
 Begin Bits: [0x0000000012710000, 0x0000000013f10000)
 End Bits:   [0x0000000013f10000, 0x0000000015710000)

Polling page: 0x0000000002830000

CodeCache: size=245760Kb used=87520Kb max_used=88071Kb free=158239Kb
 bounds [0x0000000002a40000, 0x00000000080e0000, 0x0000000011a40000]
 total_blobs=24736 nmethods=23719 adapters=927
 compilation: enabled

Compilation events (10 events):
Event: 13520.173 Thread 0x00000000163bb800 32507       3       org.gradle.api.internal.DefaultNamedDomainObjectCollection$ContainerElementsDynamicObject::hasProperty (17 bytes)
Event: 13520.174 Thread 0x00000000163bb800 nmethod 32507 0x00000000053ea8d0 code [0x00000000053eaa40, 0x00000000053eaca8]
Event: 13520.282 Thread 0x00000000163bb800 32509       1       com.android.apksig.internal.zip.CentralDirectoryRecord::getUncompressedSize (5 bytes)
Event: 13520.287 Thread 0x00000000163bb800 nmethod 32509 0x000000000716a950 code [0x000000000716aaa0, 0x000000000716abb0]
Event: 13520.287 Thread 0x00000000163bb800 32510   !   3       com.android.apksig.internal.asn1.Asn1BerParser$AnnotatedField::setValueFrom (194 bytes)
Event: 13520.290 Thread 0x00000000163bb800 nmethod 32510 0x00000000064638d0 code [0x0000000006463c60, 0x0000000006465708]
Event: 13520.290 Thread 0x00000000163bb800 32515       3       sun.security.x509.AVAKeyword::getKeyword (247 bytes)
Event: 13520.392 Thread 0x00000000163bb800 nmethod 32515 0x00000000071d61d0 code [0x00000000071d6500, 0x00000000071d80d8]
Event: 13520.392 Thread 0x00000000163bb800 32513       3       java.math.BigInteger::intValue (10 bytes)
Event: 13520.393 Thread 0x00000000163bb800 nmethod 32513 0x000000000313a610 code [0x000000000313a780, 0x000000000313a908]

GC Heap History (10 events):
Event: 9924.231 GC heap before
{Heap before GC invocations=66 (full 4):
 PSYoungGen      total 420352K, used 419956K [0x00000000e0000000, 0x00000000fca00000, 0x0000000100000000)
  eden space 384000K, 99% used [0x00000000e0000000,0x00000000f76a4880,0x00000000f7700000)
  from space 36352K, 99% used [0x00000000f7780000,0x00000000f9af87c0,0x00000000f9b00000)
  to   space 42496K, 0% used [0x00000000fa080000,0x00000000fa080000,0x00000000fca00000)
 ParOldGen       total 131584K, used 93193K [0x00000000a0000000, 0x00000000a8080000, 0x00000000e0000000)
  object space 131584K, 70% used [0x00000000a0000000,0x00000000a5b02490,0x00000000a8080000)
 Metaspace       used 105334K, capacity 113438K, committed 113612K, reserved 1148928K
  class space    used 13164K, capacity 14836K, committed 14848K, reserved 1048576K
Event: 9924.274 GC heap after
Heap after GC invocations=66 (full 4):
 PSYoungGen      total 424960K, used 31735K [0x00000000e0000000, 0x00000000fe500000, 0x0000000100000000)
  eden space 382464K, 0% used [0x00000000e0000000,0x00000000e0000000,0x00000000f7580000)
  from space 42496K, 74% used [0x00000000fa080000,0x00000000fbf7dea8,0x00000000fca00000)
  to   space 44032K, 0% used [0x00000000f7580000,0x00000000f7580000,0x00000000fa080000)
 ParOldGen       total 131584K, used 93801K [0x00000000a0000000, 0x00000000a8080000, 0x00000000e0000000)
  object space 131584K, 71% used [0x00000000a0000000,0x00000000a5b9a490,0x00000000a8080000)
 Metaspace       used 105334K, capacity 113438K, committed 113612K, reserved 1148928K
  class space    used 13164K, capacity 14836K, committed 14848K, reserved 1048576K
}
Event: 11005.835 GC heap before
{Heap before GC invocations=67 (full 4):
 PSYoungGen      total 424960K, used 414199K [0x00000000e0000000, 0x00000000fe500000, 0x0000000100000000)
  eden space 382464K, 100% used [0x00000000e0000000,0x00000000f7580000,0x00000000f7580000)
  from space 42496K, 74% used [0x00000000fa080000,0x00000000fbf7dea8,0x00000000fca00000)
  to   space 44032K, 0% used [0x00000000f7580000,0x00000000f7580000,0x00000000fa080000)
 ParOldGen       total 131584K, used 93801K [0x00000000a0000000, 0x00000000a8080000, 0x00000000e0000000)
  object space 131584K, 71% used [0x00000000a0000000,0x00000000a5b9a490,0x00000000a8080000)
 Metaspace       used 105446K, capacity 113658K, committed 113996K, reserved 1148928K
  class space    used 13178K, capacity 14862K, committed 14976K, reserved 1048576K
Event: 11005.976 GC heap after
Heap after GC invocations=67 (full 4):
 PSYoungGen      total 403968K, used 37591K [0x00000000e0000000, 0x00000000fc280000, 0x0000000100000000)
  eden space 366080K, 0% used [0x00000000e0000000,0x00000000e0000000,0x00000000f6580000)
  from space 37888K, 99% used [0x00000000f7580000,0x00000000f9a35dc0,0x00000000f9a80000)
  to   space 40960K, 0% used [0x00000000f9a80000,0x00000000f9a80000,0x00000000fc280000)
 ParOldGen       total 131584K, used 93801K [0x00000000a0000000, 0x00000000a8080000, 0x00000000e0000000)
  object space 131584K, 71% used [0x00000000a0000000,0x00000000a5b9a490,0x00000000a8080000)
 Metaspace       used 105446K, capacity 113658K, committed 113996K, reserved 1148928K
  class space    used 13178K, capacity 14862K, committed 14976K, reserved 1048576K
}
Event: 11408.184 GC heap before
{Heap before GC invocations=68 (full 4):
 PSYoungGen      total 403968K, used 403671K [0x00000000e0000000, 0x00000000fc280000, 0x0000000100000000)
  eden space 366080K, 100% used [0x00000000e0000000,0x00000000f6580000,0x00000000f6580000)
  from space 37888K, 99% used [0x00000000f7580000,0x00000000f9a35dc0,0x00000000f9a80000)
  to   space 40960K, 0% used [0x00000000f9a80000,0x00000000f9a80000,0x00000000fc280000)
 ParOldGen       total 131584K, used 93801K [0x00000000a0000000, 0x00000000a8080000, 0x00000000e0000000)
  object space 131584K, 71% used [0x00000000a0000000,0x00000000a5b9a490,0x00000000a8080000)
 Metaspace       used 105542K, capacity 113800K, committed 113996K, reserved 1148928K
  class space    used 13184K, capacity 14863K, committed 14976K, reserved 1048576K
Event: 11408.547 GC heap after
Heap after GC invocations=68 (full 4):
 PSYoungGen      total 383488K, used 32565K [0x00000000e0000000, 0x00000000fba80000, 0x0000000100000000)
  eden space 350720K, 0% used [0x00000000e0000000,0x00000000e0000000,0x00000000f5680000)
  from space 32768K, 99% used [0x00000000f9a80000,0x00000000fba4d498,0x00000000fba80000)
  to   space 48640K, 0% used [0x00000000f5b80000,0x00000000f5b80000,0x00000000f8b00000)
 ParOldGen       total 131584K, used 94093K [0x00000000a0000000, 0x00000000a8080000, 0x00000000e0000000)
  object space 131584K, 71% used [0x00000000a0000000,0x00000000a5be34b0,0x00000000a8080000)
 Metaspace       used 105542K, capacity 113800K, committed 113996K, reserved 1148928K
  class space    used 13184K, capacity 14863K, committed 14976K, reserved 1048576K
}
Event: 12488.145 GC heap before
{Heap before GC invocations=69 (full 4):
 PSYoungGen      total 383488K, used 383285K [0x00000000e0000000, 0x00000000fba80000, 0x0000000100000000)
  eden space 350720K, 100% used [0x00000000e0000000,0x00000000f5680000,0x00000000f5680000)
  from space 32768K, 99% used [0x00000000f9a80000,0x00000000fba4d498,0x00000000fba80000)
  to   space 48640K, 0% used [0x00000000f5b80000,0x00000000f5b80000,0x00000000f8b00000)
 ParOldGen       total 131584K, used 94093K [0x00000000a0000000, 0x00000000a8080000, 0x00000000e0000000)
  object space 131584K, 71% used [0x00000000a0000000,0x00000000a5be34b0,0x00000000a8080000)
 Metaspace       used 105716K, capacity 114014K, committed 114252K, reserved 1148928K
  class space    used 13192K, capacity 14904K, committed 14976K, reserved 1048576K
Event: 12488.287 GC heap after
Heap after GC invocations=69 (full 4):
 PSYoungGen      total 364544K, used 28287K [0x00000000e0000000, 0x00000000fa500000, 0x0000000100000000)
  eden space 335872K, 0% used [0x00000000e0000000,0x00000000e0000000,0x00000000f4800000)
  from space 28672K, 98% used [0x00000000f5b80000,0x00000000f771ffe8,0x00000000f7780000)
  to   space 46592K, 0% used [0x00000000f7780000,0x00000000f7780000,0x00000000fa500000)
 ParOldGen       total 131584K, used 94547K [0x00000000a0000000, 0x00000000a8080000, 0x00000000e0000000)
  object space 131584K, 71% used [0x00000000a0000000,0x00000000a5c54d08,0x00000000a8080000)
 Metaspace       used 105716K, capacity 114014K, committed 114252K, reserved 1148928K
  class space    used 13192K, capacity 14904K, committed 14976K, reserved 1048576K
}
Event: 13486.986 GC heap before
{Heap before GC invocations=70 (full 4):
 PSYoungGen      total 364544K, used 364159K [0x00000000e0000000, 0x00000000fa500000, 0x0000000100000000)
  eden space 335872K, 100% used [0x00000000e0000000,0x00000000f4800000,0x00000000f4800000)
  from space 28672K, 98% used [0x00000000f5b80000,0x00000000f771ffe8,0x00000000f7780000)
  to   space 46592K, 0% used [0x00000000f7780000,0x00000000f7780000,0x00000000fa500000)
 ParOldGen       total 131584K, used 94547K [0x00000000a0000000, 0x00000000a8080000, 0x00000000e0000000)
  object space 131584K, 71% used [0x00000000a0000000,0x00000000a5c54d08,0x00000000a8080000)
 Metaspace       used 105848K, capacity 114216K, committed 114508K, reserved 1148928K
  class space    used 13198K, capacity 14915K, committed 14976K, reserved 1048576K
Event: 13488.762 GC heap after
Heap after GC invocations=70 (full 4):
 PSYoungGen      total 358400K, used 35936K [0x00000000e0000000, 0x00000000f9b00000, 0x0000000100000000)
  eden space 322048K, 0% used [0x00000000e0000000,0x00000000e0000000,0x00000000f3a80000)
  from space 36352K, 98% used [0x00000000f7780000,0x00000000f9a98178,0x00000000f9b00000)
  to   space 49152K, 0% used [0x00000000f3b00000,0x00000000f3b00000,0x00000000f6b00000)
 ParOldGen       total 131584K, used 94929K [0x00000000a0000000, 0x00000000a8080000, 0x00000000e0000000)
  object space 131584K, 72% used [0x00000000a0000000,0x00000000a5cb4560,0x00000000a8080000)
 Metaspace       used 105848K, capacity 114216K, committed 114508K, reserved 1148928K
  class space    used 13198K, capacity 14915K, committed 14976K, reserved 1048576K
}

Deoptimization events (10 events):
Event: 12399.392 Thread 0x000000001dc2f000 Uncommon trap: reason=unstable_if action=reinterpret pc=0x000000000393c20c method=com.sun.tools.javac.parser.JavacParser.classOrInterfaceBody(Lcom/sun/tools/javac/util/Name;Z)Lcom/sun/tools/javac/util/List; @ 80
Event: 12399.797 Thread 0x000000001b510000 Uncommon trap: reason=unstable_if action=reinterpret pc=0x0000000002eb7c58 method=java.util.concurrent.locks.AbstractQueuedSynchronizer.doReleaseShared()V @ 24
Event: 12649.229 Thread 0x000000001b50e800 Uncommon trap: reason=unstable_if action=reinterpret pc=0x0000000007fe7f58 method=com.sun.tools.javac.parser.JavaTokenizer.addComment(Lcom/sun/tools/javac/util/List;Lcom/sun/tools/javac/parser/Tokens$Comment;)Lcom/sun/tools/javac/util/List; @ 1
Event: 12649.840 Thread 0x000000001b50e800 Uncommon trap: reason=bimorphic action=maybe_recompile pc=0x0000000007ccffa4 method=com.sun.tools.javac.tree.TreeInfo.args(Lcom/sun/tools/javac/tree/JCTree;)Lcom/sun/tools/javac/util/List; @ 4
Event: 12649.846 Thread 0x000000001b50e800 Uncommon trap: reason=unstable_if action=reinterpret pc=0x000000000739cc08 method=com.sun.tools.javac.util.Convert.chars2utf([CI[BII)I @ 35
Event: 12649.972 Thread 0x000000001b50e800 Uncommon trap: reason=unstable_if action=reinterpret pc=0x0000000003683a84 method=com.sun.tools.javac.code.Types.covariantReturnType(Lcom/sun/tools/javac/code/Type;Lcom/sun/tools/javac/code/Type;Lcom/sun/tools/javac/util/Warner;)Z @ 6
Event: 12649.995 Thread 0x000000001b50e800 Uncommon trap: reason=unstable_if action=reinterpret pc=0x00000000064a24f8 method=com.sun.tools.javac.code.Symbol$MethodSymbol.overrides(Lcom/sun/tools/javac/code/Symbol;Lcom/sun/tools/javac/code/Symbol$TypeSymbol;Lcom/sun/tools/javac/code/Types;Z)Z @ 62
Event: 12654.001 Thread 0x000000001dc33800 Uncommon trap: reason=unstable_if action=reinterpret pc=0x000000000716ab44 method=java.util.Spliterators$IteratorSpliterator.estimateSize()J @ 4
Event: 12655.227 Thread 0x000000001dc2d000 Uncommon trap: reason=unstable_if action=reinterpret pc=0x0000000002fd9c34 method=java.util.WeakHashMap.remove(Ljava/lang/Object;)Ljava/lang/Object; @ 94
Event: 13519.783 Thread 0x000000001c6b8000 Uncommon trap: reason=unstable_if action=reinterpret pc=0x0000000005388c60 method=java.util.concurrent.ForkJoinPool.helpStealer(Ljava/util/concurrent/ForkJoinPool$WorkQueue;Ljava/util/concurrent/ForkJoinTask;)V @ 169

Classes redefined (0 events):
No events

Internal exceptions (10 events):
Event: 13519.471 Thread 0x000000001c6b8000 Exception <a 'sun/nio/fs/WindowsException'> (0x00000000f03b7750) thrown at [D:\src\AOSP-openjdk-cygwin\jdk8u\hotspot\src\share\vm\prims\jni.cpp, line 709]
Event: 13519.562 Thread 0x000000001c6b1000 Exception <a 'sun/nio/fs/WindowsException'> (0x00000000f072e8e8) thrown at [D:\src\AOSP-openjdk-cygwin\jdk8u\hotspot\src\share\vm\prims\jni.cpp, line 709]
Event: 13519.695 Thread 0x000000001c6b5000 Exception <a 'sun/nio/fs/WindowsException'> (0x00000000f07b8bf8) thrown at [D:\src\AOSP-openjdk-cygwin\jdk8u\hotspot\src\share\vm\prims\jni.cpp, line 709]
Event: 13519.707 Thread 0x000000001c6b2000 Exception <a 'sun/nio/fs/WindowsException'> (0x00000000f0960f80) thrown at [D:\src\AOSP-openjdk-cygwin\jdk8u\hotspot\src\share\vm\prims\jni.cpp, line 709]
Event: 13519.819 Thread 0x000000001c6b2000 Exception <a 'sun/nio/fs/WindowsException'> (0x00000000f0c15ce0) thrown at [D:\src\AOSP-openjdk-cygwin\jdk8u\hotspot\src\share\vm\prims\jni.cpp, line 709]
Event: 13519.821 Thread 0x000000001c6b1000 Exception <a 'sun/nio/fs/WindowsException'> (0x00000000f0d93268) thrown at [D:\src\AOSP-openjdk-cygwin\jdk8u\hotspot\src\share\vm\prims\jni.cpp, line 709]
Event: 13519.838 Thread 0x000000001b517800 Exception <a 'sun/nio/fs/WindowsException'> (0x00000000f0f27548) thrown at [D:\src\AOSP-openjdk-cygwin\jdk8u\hotspot\src\share\vm\prims\jni.cpp, line 709]
Event: 13519.840 Thread 0x000000001c6b1000 Exception <a 'sun/nio/fs/WindowsException'> (0x00000000f0f8ce68) thrown at [D:\src\AOSP-openjdk-cygwin\jdk8u\hotspot\src\share\vm\prims\jni.cpp, line 709]
Event: 13519.849 Thread 0x000000001b515000 Exception <a 'sun/nio/fs/WindowsException'> (0x00000000f11ad428) thrown at [D:\src\AOSP-openjdk-cygwin\jdk8u\hotspot\src\share\vm\prims\jni.cpp, line 709]
Event: 13519.849 Thread 0x000000001c6b2000 Exception <a 'sun/nio/fs/WindowsException'> (0x00000000f10e9900) thrown at [D:\src\AOSP-openjdk-cygwin\jdk8u\hotspot\src\share\vm\prims\jni.cpp, line 709]

Events (10 events):
Event: 13520.292 Thread 0x000000001c6be000 Thread added: 0x000000001c6be000
Event: 13520.293 Executing VM operation: RevokeBias
Event: 13520.319 Executing VM operation: RevokeBias done
Event: 13520.319 Executing VM operation: RevokeBias
Event: 13520.319 Executing VM operation: RevokeBias done
Event: 13520.320 Executing VM operation: RevokeBias
Event: 13520.348 Executing VM operation: RevokeBias done
Event: 13520.349 Executing VM operation: RevokeBias
Event: 13520.392 Executing VM operation: RevokeBias done
Event: 13520.393 Executing VM operation: RevokeBias


Dynamic libraries:
0x00007ff607ca0000 - 0x00007ff607cd1000 	C:\Program Files\Android\Android Studio\jre\bin\java.exe
0x00007ff911790000 - 0x00007ff911971000 	C:\WINDOWS\SYSTEM32\ntdll.dll
0x00007ff90fba0000 - 0x00007ff90fc52000 	C:\WINDOWS\System32\KERNEL32.DLL
0x00007ff90db60000 - 0x00007ff90ddd3000 	C:\WINDOWS\System32\KERNELBASE.dll
0x00007ff90faf0000 - 0x00007ff90fb91000 	C:\WINDOWS\System32\ADVAPI32.dll
0x00007ff911160000 - 0x00007ff9111fe000 	C:\WINDOWS\System32\msvcrt.dll
0x00007ff90fc60000 - 0x00007ff90fcbb000 	C:\WINDOWS\System32\sechost.dll
0x00007ff90ec80000 - 0x00007ff90eda4000 	C:\WINDOWS\System32\RPCRT4.dll
0x00007ff9112a0000 - 0x00007ff911430000 	C:\WINDOWS\System32\USER32.dll
0x00007ff90e9e0000 - 0x00007ff90ea00000 	C:\WINDOWS\System32\win32u.dll
0x00007ff90f0e0000 - 0x00007ff90f108000 	C:\WINDOWS\System32\GDI32.dll
0x00007ff90e4f0000 - 0x00007ff90e682000 	C:\WINDOWS\System32\gdi32full.dll
0x00007ff90ea50000 - 0x00007ff90eaef000 	C:\WINDOWS\System32\msvcp_win.dll
0x00007ff90e690000 - 0x00007ff90e78a000 	C:\WINDOWS\System32\ucrtbase.dll
0x00007ff8fea90000 - 0x00007ff8fecf9000 	C:\WINDOWS\WinSxS\amd64_microsoft.windows.common-controls_6595b64144ccf1df_6.0.17134.285_none_fb4297e330656775\COMCTL32.dll
0x00007ff911430000 - 0x00007ff911753000 	C:\WINDOWS\System32\combase.dll
0x00007ff90eaf0000 - 0x00007ff90eb6a000 	C:\WINDOWS\System32\bcryptPrimitives.dll
0x00007ff90edb0000 - 0x00007ff90eddd000 	C:\WINDOWS\System32\IMM32.DLL
0x000000005c200000 - 0x000000005c2d2000 	C:\Program Files\Android\Android Studio\jre\jre\bin\msvcr100.dll
0x000000005c2e0000 - 0x000000005cb21000 	C:\Program Files\Android\Android Studio\jre\jre\bin\server\jvm.dll
0x00007ff90f000000 - 0x00007ff90f008000 	C:\WINDOWS\System32\PSAPI.DLL
0x00007ff906ff0000 - 0x00007ff906ffa000 	C:\WINDOWS\SYSTEM32\VERSION.dll
0x00007ff90b760000 - 0x00007ff90b783000 	C:\WINDOWS\SYSTEM32\WINMM.dll
0x00007ff9088e0000 - 0x00007ff9088e9000 	C:\WINDOWS\SYSTEM32\WSOCK32.dll
0x00007ff90b730000 - 0x00007ff90b75a000 	C:\WINDOWS\SYSTEM32\winmmbase.dll
0x00007ff90ea00000 - 0x00007ff90ea49000 	C:\WINDOWS\System32\cfgmgr32.dll
0x00007ff90f070000 - 0x00007ff90f0dc000 	C:\WINDOWS\System32\WS2_32.dll
0x00007ff905070000 - 0x00007ff90507f000 	C:\Program Files\Android\Android Studio\jre\jre\bin\verify.dll
0x00007ff8fd070000 - 0x00007ff8fd099000 	C:\Program Files\Android\Android Studio\jre\jre\bin\java.dll
0x00007ff8e6500000 - 0x00007ff8e6516000 	C:\Program Files\Android\Android Studio\jre\jre\bin\zip.dll
0x00007ff90fd20000 - 0x00007ff911160000 	C:\WINDOWS\System32\SHELL32.dll
0x00007ff90ef50000 - 0x00007ff90eff9000 	C:\WINDOWS\System32\shcore.dll
0x00007ff90dde0000 - 0x00007ff90e4ed000 	C:\WINDOWS\System32\windows.storage.dll
0x00007ff90fcc0000 - 0x00007ff90fd11000 	C:\WINDOWS\System32\shlwapi.dll
0x00007ff90dac0000 - 0x00007ff90dad1000 	C:\WINDOWS\System32\kernel.appcore.dll
0x00007ff90dae0000 - 0x00007ff90daff000 	C:\WINDOWS\System32\profapi.dll
0x00007ff90db10000 - 0x00007ff90db5c000 	C:\WINDOWS\System32\powrprof.dll
0x00007ff90db00000 - 0x00007ff90db0a000 	C:\WINDOWS\System32\FLTLIB.DLL
0x00007ff8e22b0000 - 0x00007ff8e22ca000 	C:\Program Files\Android\Android Studio\jre\jre\bin\net.dll
0x00007ff90d2c0000 - 0x00007ff90d326000 	C:\WINDOWS\system32\mswsock.dll
0x00007ff8e2290000 - 0x00007ff8e22a1000 	C:\Program Files\Android\Android Studio\jre\jre\bin\nio.dll
0x00007ff90a420000 - 0x00007ff90a43e000 	C:\Users\Yura\.gradle\native\25\windows-amd64\native-platform.dll
0x00007ff8fd060000 - 0x00007ff8fd06d000 	C:\Program Files\Android\Android Studio\jre\jre\bin\management.dll
0x00007ff90d480000 - 0x00007ff90d497000 	C:\WINDOWS\SYSTEM32\CRYPTSP.dll
0x00007ff90cea0000 - 0x00007ff90ced3000 	C:\WINDOWS\system32\rsaenh.dll
0x00007ff90d5a0000 - 0x00007ff90d5c5000 	C:\WINDOWS\SYSTEM32\bcrypt.dll
0x00007ff90d9d0000 - 0x00007ff90d9f8000 	C:\WINDOWS\SYSTEM32\USERENV.dll
0x00007ff90d470000 - 0x00007ff90d47b000 	C:\WINDOWS\SYSTEM32\CRYPTBASE.dll
0x00007ff90d040000 - 0x00007ff90d078000 	C:\WINDOWS\SYSTEM32\IPHLPAPI.DLL
0x00007ff90f930000 - 0x00007ff90f938000 	C:\WINDOWS\System32\NSI.dll
0x00007ff9082f0000 - 0x00007ff908306000 	C:\WINDOWS\SYSTEM32\dhcpcsvc6.DLL
0x00007ff9082d0000 - 0x00007ff9082ea000 	C:\WINDOWS\SYSTEM32\dhcpcsvc.DLL
0x00007ff8d5910000 - 0x00007ff8d5aa7000 	C:\Program Files\Android\Android Studio\jre\jre\bin\awt.dll
0x00007ff90f6c0000 - 0x00007ff90f782000 	C:\WINDOWS\System32\OLEAUT32.dll
0x00007ff90b160000 - 0x00007ff90b727000 	C:\WINDOWS\SYSTEM32\d2d1.dll
0x00007ff90c0b0000 - 0x00007ff90c13b000 	C:\WINDOWS\SYSTEM32\apphelp.dll
0x00007ff90c2e0000 - 0x00007ff90c309000 	C:\WINDOWS\system32\DWMAPI.DLL
0x00007ff90c210000 - 0x00007ff90c2a8000 	C:\WINDOWS\system32\uxtheme.dll
0x00007ff90cb90000 - 0x00007ff90cbc1000 	C:\WINDOWS\SYSTEM32\ntmarta.dll
0x00007ff9012d0000 - 0x00007ff9012f4000 	C:\Program Files\Android\Android Studio\jre\jre\bin\sunec.dll
0x00007ff90d080000 - 0x00007ff90d13e000 	C:\WINDOWS\SYSTEM32\DNSAPI.dll
0x00007ff905a20000 - 0x00007ff905a2a000 	C:\Windows\System32\rasadhlp.dll
0x00007ff905c80000 - 0x00007ff905cf2000 	C:\WINDOWS\System32\fwpuclnt.dll
0x00007ff9098f0000 - 0x00007ff9098fb000 	C:\Program Files\Android\Android Studio\jre\jre\bin\sunmscapi.dll
0x00007ff90e790000 - 0x00007ff90e972000 	C:\WINDOWS\System32\CRYPT32.dll
0x00007ff90daa0000 - 0x00007ff90dab2000 	C:\WINDOWS\System32\MSASN1.dll
0x00007ff8ff8c0000 - 0x00007ff8ffa89000 	C:\WINDOWS\SYSTEM32\dbghelp.dll

VM Arguments:
jvm_args: -Xmx1536m -Dfile.encoding=windows-1251 -Duser.country=RU -Duser.language=ru -Duser.variant 
java_command: org.gradle.launcher.daemon.bootstrap.GradleDaemon 4.6
java_class_path (initial): C:\Users\Yura\.gradle\wrapper\dists\gradle-4.6-all\bcst21l2brirad8k2ben1letg\gradle-4.6\lib\gradle-launcher-4.6.jar
Launcher Type: SUN_STANDARD

Environment Variables:
PATH=C:\WINDOWS\system32;C:\WINDOWS;C:\WINDOWS\System32\Wbem;C:\WINDOWS\System32\WindowsPowerShell\v1.0\;C:\Program Files (x86)\ATI Technologies\ATI.ACE\Core-Static;C:\Program Files\Microsoft SQL Server\Client SDK\ODBC\130\Tools\Binn\;C:\Program Files (x86)\Microsoft SQL Server\140\Tools\Binn\;C:\Program Files\Microsoft SQL Server\140\Tools\Binn\;C:\Program Files\Microsoft SQL Server\140\DTS\Binn\;C:\Program Files (x86)\Microsoft SQL Server\Client SDK\ODBC\130\Tools\Binn\;C:\Program Files (x86)\Microsoft SQL Server\140\DTS\Binn\;C:\Program Files (x86)\Microsoft SQL Server\140\Tools\Binn\ManagementStudio\;C:\Program Files (x86)\Common Files\Acronis\VirtualFile\;C:\Program Files (x86)\Common Files\Acronis\VirtualFile64\;C:\Program Files (x86)\Common Files\Acronis\FileProtector\;C:\Program Files (x86)\Common Files\Acronis\FileProtector64\;C:\Program Files (x86)\Common Files\Acronis\SnapAPI\;C:\WINDOWS\System32\OpenSSH\;C:\Users\Yura\AppData\Local\Microsoft\WindowsApps;
USERNAME=Yura
OS=Windows_NT
PROCESSOR_IDENTIFIER=AMD64 Family 16 Model 5 Stepping 3, AuthenticAMD



---------------  S Y S T E M  ---------------

OS: Windows 10.0 , 64 bit Build 17134 (10.0.17134.1)

CPU:total 4 (initial active 4) (4 cores per cpu, 1 threads per core) family 16 model 5 stepping 3, cmov, cx8, fxsr, mmx, sse, sse2, sse3, popcnt, mmxext, 3dnowpref, lzcnt, sse4a, tsc, tscinvbit, tscinv

Memory: 4k page, physical 4192436k(492568k free), swap 10102264k(2041824k free)

vm_info: OpenJDK 64-Bit Server VM (25.152-b06) for windows-amd64 JRE (1.8.0_152-release-1136-b06), built by "builder" with MS VC++ 10.0 (VS2010)

time: Sat Sep 29 13:13:53 2018
elapsed time: 13522 seconds (0d 3h 45m 22s)

